<?xml version="1.0" encoding="UTF-8"?>
<testsuite name="ModelTests" tests="1" skipped="0" failures="0" errors="0" timestamp="2021-04-03T06:22:42" hostname="romchirik-Lenovo-ideapad-520-15IKB" time="0.028">
  <properties/>
  <testcase name="pacmanTest()" classname="ModelTests" time="0.028"/>
  <system-out><![CDATA[]]></system-out>
  <system-err><![CDATA[]]></system-err>
</testsuite>
