<?xml version="1.0" encoding="UTF-8"?>
<testsuite name="ModelTests" tests="1" skipped="0" failures="0" errors="0" timestamp="2021-03-30T11:51:44" hostname="romchirik-Lenovo-ideapad-520-15IKB" time="0.026">
  <properties/>
  <testcase name="testCollision()" classname="ModelTests" time="0.026"/>
  <system-out><![CDATA[]]></system-out>
  <system-err><![CDATA[]]></system-err>
</testsuite>
